<?xml version="1.0" encoding="UTF-8"?>
<!-- Generated by org.testng.reporters.JUnitXMLReporter -->
<testsuite ignored="1" hostname="YafiHP" failures="0" tests="8" name="Home Page" time="234.155" errors="0" timestamp="2020-08-29T19:52:05 EDT">
  <testcase classname="Login" name="verifyLoginWithoutValidCredential" time="7.855"/>
  <testcase classname="CreateAccount" name="createAFreeAccount" time="24.261"/>
  <testcase classname="Pricing" name="priceQuoteWithoutInput" time="6.014"/>
  <testcase classname="liveChatWindow" name="verifyliveChatWindow" time="16.718"/>
  <testcase classname="WatchDemoVideo" name="watchDemoVideoValidation" time="45.005"/>
  <testcase classname="HomePageLinkVerify" name="getStartedLink" time="0.807"/>
  <testcase classname="HomePageLinkVerify" name="watchDemoLink" time="1.326"/>
  <testcase classname="HomePageLinkVerify" name="allHomePageLink" time="10.087"/>
  <testcase classname="HomePageLinkVerify" name="loginLink" time="0.0">
    <ignored/>
  </testcase> <!-- loginLink -->
</testsuite> <!-- Home Page -->
