<?xml version="1.0" encoding="UTF-8"?>
<testng-results ignored="0" total="1" passed="1" failed="0" skipped="0">
  <reporter-output>
  </reporter-output>
  <suite started-at="2020-08-28T18:20:04 EDT" name="Podium App is running on Chrome Browser" finished-at="2020-08-28T18:20:24 EDT" duration-ms="19772">
    <groups>
    </groups>
    <test started-at="2020-08-28T18:20:04 EDT" name="Home Page" finished-at="2020-08-28T18:20:24 EDT" duration-ms="19772">
      <class name="Login">
        <test-method is-config="true" signature="setUp(boolean, java.lang.String, java.lang.String, java.lang.String, java.lang.String, java.lang.String, java.lang.String)[pri:0, instance:Login@52e677af]" started-at="2020-08-28T18:20:04 EDT" name="setUp" finished-at="2020-08-28T18:20:14 EDT" duration-ms="9694" status="PASS">
          <params>
            <param index="0">
              <value>
                <![CDATA[false]]>
              </value>
            </param>
            <param index="1">
              <value>
                <![CDATA[israt]]>
              </value>
            </param>
            <param index="2">
              <value>
                <![CDATA[662b4ed7-1a59-4ab2-ae8c-2dfe1e32f4aa]]>
              </value>
            </param>
            <param index="3">
              <value>
                <![CDATA[https://www.podium.com/]]>
              </value>
            </param>
            <param index="4">
              <value>
                <![CDATA[windows]]>
              </value>
            </param>
            <param index="5">
              <value>
                <![CDATA[chrome]]>
              </value>
            </param>
            <param index="6">
              <value>
                <![CDATA[84.0.4147.135]]>
              </value>
            </param>
          </params>
          <reporter-output>
          </reporter-output>
        </test-method> <!-- setUp -->
        <test-method signature="loginWithoutAnyCredential()[pri:0, instance:Login@52e677af]" started-at="2020-08-28T18:20:14 EDT" name="loginWithoutAnyCredential" finished-at="2020-08-28T18:20:19 EDT" duration-ms="5224" status="PASS">
          <reporter-output>
          </reporter-output>
        </test-method> <!-- loginWithoutAnyCredential -->
        <test-method is-config="true" signature="cleanUp()[pri:0, instance:Login@52e677af]" started-at="2020-08-28T18:20:19 EDT" name="cleanUp" finished-at="2020-08-28T18:20:24 EDT" duration-ms="4823" status="PASS">
          <reporter-output>
          </reporter-output>
        </test-method> <!-- cleanUp -->
      </class> <!-- Login -->
    </test> <!-- Home Page -->
  </suite> <!-- Podium App is running on Chrome Browser -->
</testng-results>
